0 info it worked if it ends with ok
1 verbose cli [ '/Users/maechabin/.nodebrew/node/v6.0.0/bin/node',
1 verbose cli   '/Users/maechabin/.nodebrew/current/bin/npm',
1 verbose cli   'publish' ]
2 info using npm@3.8.6
3 info using node@v6.0.0
4 verbose publish [ '.' ]
5 silly cache add args [ '.', null ]
6 verbose cache add spec .
7 silly cache add parsed spec Result {
7 silly cache add   raw: '.',
7 silly cache add   scope: null,
7 silly cache add   name: null,
7 silly cache add   rawSpec: '.',
7 silly cache add   spec: '/Users/maechabin/Sites/Project/sharecount',
7 silly cache add   type: 'directory' }
8 verbose addLocalDirectory /Users/maechabin/.npm/cbsharecount/1.2.0/package.tgz not in flight; packing
9 verbose correctMkdir /Users/maechabin/.npm correctMkdir not in flight; initializing
10 info lifecycle cbsharecount@1.2.0~prepublish: cbsharecount@1.2.0
11 silly lifecycle cbsharecount@1.2.0~prepublish: no script for prepublish, continuing
12 verbose tar pack [ '/Users/maechabin/.npm/cbsharecount/1.2.0/package.tgz',
12 verbose tar pack   '/Users/maechabin/Sites/Project/sharecount' ]
13 verbose tarball /Users/maechabin/.npm/cbsharecount/1.2.0/package.tgz
14 verbose folder /Users/maechabin/Sites/Project/sharecount
15 verbose addLocalTarball adding from inside cache /Users/maechabin/.npm/cbsharecount/1.2.0/package.tgz
16 verbose correctMkdir /Users/maechabin/.npm correctMkdir not in flight; initializing
17 silly cache afterAdd cbsharecount@1.2.0
18 verbose afterAdd /Users/maechabin/.npm/cbsharecount/1.2.0/package/package.json not in flight; writing
19 verbose correctMkdir /Users/maechabin/.npm correctMkdir not in flight; initializing
20 verbose afterAdd /Users/maechabin/.npm/cbsharecount/1.2.0/package/package.json written
21 silly publish { name: 'cbsharecount',
21 silly publish   version: '1.2.0',
21 silly publish   description: '## 概要',
21 silly publish   main: 'jquery.cbsharecount.js',
21 silly publish   scripts:
21 silly publish    { build: 'Grunt',
21 silly publish      copy: 'cp ./src/app.js ./dist/jquery.cbsharecount.js' },
21 silly publish   repository:
21 silly publish    { type: 'git',
21 silly publish      url: 'git+https://github.com/maechabin/jquery.cb-share-count.js.git' },
21 silly publish   keywords: [ 'jQuery', 'jquery-plugin' ],
21 silly publish   author: { name: '@maechabin http://mae.chab.in/' },
21 silly publish   license: 'MIT License',
21 silly publish   bugs: { url: 'https://github.com/maechabin/jquery.cb-share-count.js/issues' },
21 silly publish   homepage: 'https://github.com/maechabin/jquery.cb-share-count.js',
21 silly publish   dependencies: { jquery: '^1.9.0' },
21 silly publish   devDependencies:
21 silly publish    { eslint: '^3.0.0',
21 silly publish      'eslint-config-airbnb-base': '^3.0.1',
21 silly publish      'eslint-plugin-import': '^1.10.0',
21 silly publish      grunt: '^0.4.5',
21 silly publish      'grunt-contrib-uglify': '^0.6.0',
21 silly publish      'grunt-contrib-watch': '^0.6.1' },
21 silly publish   readme: '#jquery.cbsharecount.js\n\n## 概要\n\n任意のURL（複数可）のSNS上でのシェア数を非同期で取得して表示するためのjQueryプラグイン。\n\n## 特徴\n- 実装が簡単。プラグインを実行させたいjQueryオブジェクトに指定したセレクター要素のtitle属性に[シェア数を取得したいURL]を設定するだけ。**JavaScriptの実装はたったの1行**。\n- 複数のURLの値の取得ができるので、ブログ記事の一覧などでの使用に最適。\n- 非同期かつ並列処理で値を取得するので、ページの表示にもやさしい。\n- 値だけを取得するので、レイアウトもデザインも自由に行える。\n- はてなブックマーク登録数、Facebookいいね数の2サービスに対応。\n- localStorageを使ったcache機能付き（デフォルト: 1日）\n\n## 実装方法\n\n### 読み込み\njQueryとjquery.cbsharecount.jsをページに読み込みます。\n```html\n<script src="//code.jquery.com/jquery-1.11.0.min.js"></script>\n<script src="jquery.cbsharecount.min.js"></script>\n```\n\n### JavaScript\nJavaScriptの実装は以下の1行のみ！（複数のURLの値を取得する場合でも）\n```javascript\n<script>\n$(document).ready(function () {\n  $(セレクター).cbShareCount();\n});\n</script>\n```\n\nオプションを使って、cacheする時間を指定する場合（msで設定）\n```javascript\n<script>\n$(document).ready(function () {\n  $(セレクター).cbShareCount({\n    // 1時間（3600000ms）に設定\n    cacheTime: 3600000\n  });\n});\n</script>\n```\n\n### HTML\nHTMLの実装は以下のルールさえ押さえておけば、あとは自由です。\n\n#### URLの取得部分\n[ルール1]\njQueryオブジェクトに指定したセレクター要素のtitle属性に`[シェア数を取得したいURL]`を設定\n\n```html\n<div class="[セレクター]" title="[シェア数を取得したいページのURL]">\n  [取得した値を表示させる箇所]\n</div>\n```\n\n#### 値の表示部分\n[ルール2]  \njQueryオブジェクトに指定したセレクター要素の子要素にそれぞれ以下の`[クラス属性]`を指定\n- **class="cb-hb"**　→　はてなブックマークの登録数表示用\n- **class="cb-fb"**　→　Facebookのいいね数表示用\n\n[ルール3]  \n値は上記のclass属性をつけた要素の子要素の`[span要素]`に表示される。\n```html\n<div class="[セレクター]" title="[シェア数を取得したいページのURL]">\n\t<!--子要素-->\n\t<p class="cb-hb"><span>[ここに取得した値が表示される]</span></p>\n</div>\n```\n\n## 実装例\n\n### ulとliを使った実装例\n```html\n<ul class="[セレクター]" title="[シェア数を取得したいページのURL]">\n    <li class="cb-hb">はてブ数<span></span></li>\n    <li class="cb-fb">いいね<span></span></li>\n</ul>\n```\n\n### divとpを使った実装例\n```html\n<div class="[セレクター]" title="[シェア数を取得したいページのURL]">\n    <p class="cb-fb">Facebook<a href="#"><span></span></a></p>\n    <p class="cb-hb">Hatena<a href="#"><span></span></a></p>\n</div>\n```\n\n### 複数のURLの値を取得する際の実装例（繰り返処理しても可）\n```html\n<div class="[セレクター（同じもの）]" title="[シェア数を取得したいページのURL1]">\n    <p class="cb-fb">Facebook<a href="#"><span></span></a></p>\n    <p class="cb-hb">Hatena<a href="#"><span></span></a></p>\n</div>\n\n<div class="[セレクター（同じもの）]" title="[シェア数を取得したいページのURL2]">\n    <p class="cb-fb">Facebook<a href="#"><span></span></a></p>\n    <p class="cb-hb">Hatena<a href="#"><span></span></a></p>\n</div>\n```\n\n\n## デモ\n\n[http://jsdo.it/maechabin/mixw](http://jsdo.it/maechabin/mixw)\n\n私のブログにも実装済みです。  \n[http://mae.chab.in](http://mae.chab.in/)\n\n## ライセンス\n\nMIT license\n\n## アップデート情報\n\n2016-07-01 v1.1.0\n- キャッシュ機能の追加（1日保存）\n\n2015-11-21 v1.0.3\n- TwitterのAPIの仕様変更により、Twitterのツイート数表示機能を停止\n',
21 silly publish   readmeFilename: 'README.md',
21 silly publish   gitHead: '19d9777507dcd000062a3dbc0c1d4cc9a6f94d95',
21 silly publish   _id: 'cbsharecount@1.2.0',
21 silly publish   _shasum: 'cd1db9534df1c9fe5c3112b7c765c6fa6545d529',
21 silly publish   _from: '.' }
22 verbose getPublishConfig undefined
23 silly mapToRegistry name cbsharecount
24 silly mapToRegistry using default registry
25 silly mapToRegistry registry https://registry.npmjs.org/
26 silly mapToRegistry data Result {
26 silly mapToRegistry   raw: 'cbsharecount',
26 silly mapToRegistry   scope: null,
26 silly mapToRegistry   name: 'cbsharecount',
26 silly mapToRegistry   rawSpec: '',
26 silly mapToRegistry   spec: 'latest',
26 silly mapToRegistry   type: 'tag' }
27 silly mapToRegistry uri https://registry.npmjs.org/cbsharecount
28 verbose publish registryBase https://registry.npmjs.org/
29 silly publish uploading /Users/maechabin/.npm/cbsharecount/1.2.0/package.tgz
30 verbose request uri https://registry.npmjs.org/cbsharecount
31 verbose request sending authorization for write operation
32 info attempt registry request try #1 at 00:00:37
33 verbose request using bearer token for auth
34 verbose request id 2a421b42179f401c
35 http request PUT https://registry.npmjs.org/cbsharecount
36 http 403 https://registry.npmjs.org/cbsharecount
37 verbose headers { 'content-type': 'application/json',
37 verbose headers   'cache-control': 'max-age=300',
37 verbose headers   'content-length': '95',
37 verbose headers   'accept-ranges': 'bytes',
37 verbose headers   date: 'Sat, 02 Jul 2016 14:59:20 GMT',
37 verbose headers   via: '1.1 varnish',
37 verbose headers   connection: 'keep-alive',
37 verbose headers   'x-served-by': 'cache-nrt6124-NRT',
37 verbose headers   'x-cache': 'MISS',
37 verbose headers   'x-cache-hits': '0',
37 verbose headers   'x-timer': 'S1467471559.998413,VS0,VE636',
37 verbose headers   vary: 'Accept-Encoding' }
38 verbose request invalidating /Users/maechabin/.npm/registry.npmjs.org/cbsharecount on PUT
39 error publish Failed PUT 403
40 verbose stack Error: "You cannot publish over the previously published version 1.2.0." : cbsharecount
40 verbose stack     at makeError (/Users/maechabin/.nodebrew/node/v6.0.0/lib/node_modules/npm/node_modules/npm-registry-client/lib/request.js:264:12)
40 verbose stack     at CachingRegistryClient.<anonymous> (/Users/maechabin/.nodebrew/node/v6.0.0/lib/node_modules/npm/node_modules/npm-registry-client/lib/request.js:252:14)
40 verbose stack     at Request._callback (/Users/maechabin/.nodebrew/node/v6.0.0/lib/node_modules/npm/node_modules/npm-registry-client/lib/request.js:172:14)
40 verbose stack     at Request.self.callback (/Users/maechabin/.nodebrew/node/v6.0.0/lib/node_modules/npm/node_modules/request/request.js:199:22)
40 verbose stack     at emitTwo (events.js:106:13)
40 verbose stack     at Request.emit (events.js:191:7)
40 verbose stack     at Request.<anonymous> (/Users/maechabin/.nodebrew/node/v6.0.0/lib/node_modules/npm/node_modules/request/request.js:1036:10)
40 verbose stack     at emitOne (events.js:101:20)
40 verbose stack     at Request.emit (events.js:188:7)
40 verbose stack     at IncomingMessage.<anonymous> (/Users/maechabin/.nodebrew/node/v6.0.0/lib/node_modules/npm/node_modules/request/request.js:963:12)
41 verbose statusCode 403
42 verbose pkgid cbsharecount
43 verbose cwd /Users/maechabin/Sites/Project/sharecount
44 error Darwin 15.4.0
45 error argv "/Users/maechabin/.nodebrew/node/v6.0.0/bin/node" "/Users/maechabin/.nodebrew/current/bin/npm" "publish"
46 error node v6.0.0
47 error npm  v3.8.6
48 error code E403
49 error "You cannot publish over the previously published version 1.2.0." : cbsharecount
50 error If you need help, you may report this error at:
50 error     <https://github.com/npm/npm/issues>
51 verbose exit [ 1, true ]
